<?xml version="1.0" encoding="UTF-8"?>
<testsuite name="runner.TestRunner" tests="0" skipped="0" failures="0" errors="0" timestamp="1970-01-01T00:00:00" hostname="DESKTOP-V9QR6M8" time="0.0">
  <properties/>
  <system-out><![CDATA[Se ejecuto correctamente el BeforeMethod
Conexion OK
El rut es: 165442237
La clave es: 1986
conexion cerrada
Conexion OK
El rut es: 165442237
La clave es: 1986
conexion cerrada
Se ejecuto correctamente el AfterMethod

1 Scenarios (?[32m1 passed?[0m)
6 Steps (?[32m6 passed?[0m)
0m16,467s

]]></system-out>
  <system-err><![CDATA[Starting ChromeDriver 93.0.4577.63 (ff5c0da2ec0adeaed5550e6c7e98417dac77d98a-refs/branch-heads/4577@{#1135}) on port 23663
Only local connections are allowed.
Please see https://chromedriver.chromium.org/security-considerations for suggestions on keeping ChromeDriver safe.
ChromeDriver was started successfully.
[1634142411.747][WARNING]: This version of ChromeDriver has not been tested with Chrome version 94.
oct 13, 2021 1:26:51 PM org.openqa.selenium.remote.ProtocolHandshake createSession
INFORMACIÓN: Detected dialect: W3C
]]></system-err>
</testsuite>
